<?xml version="1.0" encoding="UTF-8"?>
<!-- Generated by org.testng.reporters.JUnitReportReporter -->
<testsuite hostname="Sasidhar" failures="0" tests="2" name="ShopperLogin.Login1Test" time="17.750" errors="0" timestamp="2023-09-23T12:21:10 IST" skipped="0">
  <testcase classname="ShopperLogin.Login1Test" name="TC_Login_002" time="9.493"/>
  <system-out/>
  <testcase classname="ShopperLogin.Login1Test" name="TC_Login_001" time="8.257"/>
  <system-out/>
</testsuite> <!-- ShopperLogin.Login1Test -->
